[    1119ms] [INFO] %cDownload the React DevTools for a better development experience: https://react.dev/link/react-devtools font-weight:bold @ http://localhost:3000/_next/static/chunks/033x_next_dist_0dfm_l0._.js:2431
[    1182ms] [LOG] [HMR] connected @ http://localhost:3000/_next/static/chunks/033x_next_dist_0dfm_l0._.js:2431
[    1271ms] [WARNING] Image with src "/merc-c180k.png" has "fill" but is missing "sizes" prop. Please add it to improve page performance. Read more: https://nextjs.org/docs/api-reference/next/image#sizes @ http://localhost:3000/_next/static/chunks/033x_next_dist_0dfm_l0._.js:2431
[    1393ms] [WARNING] Please ensure that the container has a non-static position, like 'relative', 'fixed', or 'absolute' to ensure scroll offset is calculated correctly. @ http://localhost:3000/_next/static/chunks/033x_next_dist_0dfm_l0._.js:2431
[    1403ms] [ERROR] Failed to load resource: the server responded with a status of 404 (Not Found) @ http://localhost:3000/images/sequence/porsche/frame_001.webp:0
[    1403ms] [ERROR] Failed to load resource: the server responded with a status of 404 (Not Found) @ http://localhost:3000/images/sequence/porsche/frame_002.webp:0
[    1404ms] [ERROR] Failed to load resource: the server responded with a status of 404 (Not Found) @ http://localhost:3000/images/sequence/porsche/frame_003.webp:0
[    1431ms] [ERROR] Failed to load resource: the server responded with a status of 404 (Not Found) @ http://localhost:3000/images/sequence/porsche/frame_004.webp:0
[    1432ms] [ERROR] Failed to load resource: the server responded with a status of 404 (Not Found) @ http://localhost:3000/images/sequence/porsche/frame_005.webp:0
[    1446ms] [ERROR] Failed to load frame 1 at http://localhost:3000/images/sequence/porsche/frame_001.webp @ http://localhost:3000/_next/static/chunks/033x_next_dist_0dfm_l0._.js:3272
[    1447ms] [ERROR] Failed to load frame 3 at http://localhost:3000/images/sequence/porsche/frame_003.webp @ http://localhost:3000/_next/static/chunks/033x_next_dist_0dfm_l0._.js:3272
[    1447ms] [ERROR] Failed to load frame 2 at http://localhost:3000/images/sequence/porsche/frame_002.webp @ http://localhost:3000/_next/static/chunks/033x_next_dist_0dfm_l0._.js:3272
[    1453ms] [ERROR] Failed to load frame 4 at http://localhost:3000/images/sequence/porsche/frame_004.webp @ http://localhost:3000/_next/static/chunks/033x_next_dist_0dfm_l0._.js:3272
[    1453ms] [ERROR] Failed to load frame 5 at http://localhost:3000/images/sequence/porsche/frame_005.webp @ http://localhost:3000/_next/static/chunks/033x_next_dist_0dfm_l0._.js:3272
[    1460ms] [ERROR] Failed to load resource: the server responded with a status of 404 (Not Found) @ http://localhost:3000/images/sequence/porsche/frame_006.webp:0
[    1461ms] [ERROR] Failed to load frame 6 at http://localhost:3000/images/sequence/porsche/frame_006.webp @ http://localhost:3000/_next/static/chunks/033x_next_dist_0dfm_l0._.js:3272
[    1556ms] [ERROR] Failed to load resource: the server responded with a status of 404 (Not Found) @ http://localhost:3000/images/sequence/porsche/frame_007.webp:0
[    1584ms] [ERROR] Failed to load frame 7 at http://localhost:3000/images/sequence/porsche/frame_007.webp @ http://localhost:3000/_next/static/chunks/033x_next_dist_0dfm_l0._.js:3272
[    1586ms] [ERROR] Failed to load resource: the server responded with a status of 404 (Not Found) @ http://localhost:3000/images/sequence/porsche/frame_008.webp:0
[    1587ms] [ERROR] Failed to load resource: the server responded with a status of 404 (Not Found) @ http://localhost:3000/images/sequence/porsche/frame_009.webp:0
[    1592ms] [ERROR] Failed to load frame 8 at http://localhost:3000/images/sequence/porsche/frame_008.webp @ http://localhost:3000/_next/static/chunks/033x_next_dist_0dfm_l0._.js:3272
[    1594ms] [ERROR] Failed to load frame 9 at http://localhost:3000/images/sequence/porsche/frame_009.webp @ http://localhost:3000/_next/static/chunks/033x_next_dist_0dfm_l0._.js:3272
[    1675ms] [ERROR] Failed to load resource: the server responded with a status of 404 (Not Found) @ http://localhost:3000/images/sequence/porsche/frame_010.webp:0
[    1712ms] [ERROR] Failed to load frame 10 at http://localhost:3000/images/sequence/porsche/frame_010.webp @ http://localhost:3000/_next/static/chunks/033x_next_dist_0dfm_l0._.js:3272
[    1714ms] [ERROR] Failed to load resource: the server responded with a status of 404 (Not Found) @ http://localhost:3000/images/sequence/porsche/frame_011.webp:0
[    1714ms] [ERROR] Failed to load resource: the server responded with a status of 404 (Not Found) @ http://localhost:3000/images/sequence/porsche/frame_012.webp:0
[    1716ms] [ERROR] Failed to load resource: the server responded with a status of 404 (Not Found) @ http://localhost:3000/images/sequence/porsche/frame_013.webp:0
[    1742ms] [ERROR] Failed to load frame 11 at http://localhost:3000/images/sequence/porsche/frame_011.webp @ http://localhost:3000/_next/static/chunks/033x_next_dist_0dfm_l0._.js:3272
[    1742ms] [ERROR] Failed to load frame 12 at http://localhost:3000/images/sequence/porsche/frame_012.webp @ http://localhost:3000/_next/static/chunks/033x_next_dist_0dfm_l0._.js:3272
[    1763ms] [ERROR] Failed to load frame 13 at http://localhost:3000/images/sequence/porsche/frame_013.webp @ http://localhost:3000/_next/static/chunks/033x_next_dist_0dfm_l0._.js:3272
[    1766ms] [ERROR] Failed to load resource: the server responded with a status of 404 (Not Found) @ http://localhost:3000/images/sequence/porsche/frame_014.webp:0
[    1769ms] [ERROR] Failed to load resource: the server responded with a status of 404 (Not Found) @ http://localhost:3000/images/sequence/porsche/frame_015.webp:0
[    1770ms] [ERROR] Failed to load frame 14 at http://localhost:3000/images/sequence/porsche/frame_014.webp @ http://localhost:3000/_next/static/chunks/033x_next_dist_0dfm_l0._.js:3272
[    1772ms] [ERROR] Failed to load frame 15 at http://localhost:3000/images/sequence/porsche/frame_015.webp @ http://localhost:3000/_next/static/chunks/033x_next_dist_0dfm_l0._.js:3272
[    1796ms] [ERROR] Failed to load resource: the server responded with a status of 404 (Not Found) @ http://localhost:3000/images/sequence/porsche/frame_016.webp:0
[    1815ms] [ERROR] Failed to load frame 16 at http://localhost:3000/images/sequence/porsche/frame_016.webp @ http://localhost:3000/_next/static/chunks/033x_next_dist_0dfm_l0._.js:3272
[    1818ms] [ERROR] Failed to load resource: the server responded with a status of 404 (Not Found) @ http://localhost:3000/images/sequence/porsche/frame_017.webp:0
[    1821ms] [ERROR] Failed to load frame 17 at http://localhost:3000/images/sequence/porsche/frame_017.webp @ http://localhost:3000/_next/static/chunks/033x_next_dist_0dfm_l0._.js:3272
[    1870ms] [LOG] [Fast Refresh] rebuilding @ http://localhost:3000/_next/static/chunks/033x_next_dist_0dfm_l0._.js:2431
[    1876ms] [ERROR] Failed to load resource: the server responded with a status of 404 (Not Found) @ http://localhost:3000/images/sequence/porsche/frame_018.webp:0
[    1894ms] [ERROR] Failed to load resource: the server responded with a status of 404 (Not Found) @ http://localhost:3000/images/sequence/porsche/frame_019.webp:0
[    1902ms] [ERROR] Failed to load frame 18 at http://localhost:3000/images/sequence/porsche/frame_018.webp @ http://localhost:3000/_next/static/chunks/033x_next_dist_0dfm_l0._.js:3272
[    1904ms] [ERROR] Failed to load resource: the server responded with a status of 404 (Not Found) @ http://localhost:3000/images/sequence/porsche/frame_020.webp:0
[    1905ms] [ERROR] Failed to load frame 19 at http://localhost:3000/images/sequence/porsche/frame_019.webp @ http://localhost:3000/_next/static/chunks/033x_next_dist_0dfm_l0._.js:3272
[    1906ms] [ERROR] Failed to load resource: the server responded with a status of 404 (Not Found) @ http://localhost:3000/images/sequence/porsche/frame_021.webp:0
[    1907ms] [ERROR] Failed to load frame 20 at http://localhost:3000/images/sequence/porsche/frame_020.webp @ http://localhost:3000/_next/static/chunks/033x_next_dist_0dfm_l0._.js:3272
[    1911ms] [ERROR] Failed to load frame 21 at http://localhost:3000/images/sequence/porsche/frame_021.webp @ http://localhost:3000/_next/static/chunks/033x_next_dist_0dfm_l0._.js:3272
[    1931ms] [ERROR] Failed to load resource: the server responded with a status of 404 (Not Found) @ http://localhost:3000/images/sequence/porsche/frame_022.webp:0
[    1938ms] [ERROR] Failed to load frame 22 at http://localhost:3000/images/sequence/porsche/frame_022.webp @ http://localhost:3000/_next/static/chunks/033x_next_dist_0dfm_l0._.js:3272
[    1964ms] [ERROR] Failed to load resource: the server responded with a status of 404 (Not Found) @ http://localhost:3000/images/sequence/porsche/frame_023.webp:0
[    1977ms] [ERROR] Failed to load frame 23 at http://localhost:3000/images/sequence/porsche/frame_023.webp @ http://localhost:3000/_next/static/chunks/033x_next_dist_0dfm_l0._.js:3272
[    1978ms] [ERROR] Failed to load resource: the server responded with a status of 404 (Not Found) @ http://localhost:3000/images/sequence/porsche/frame_024.webp:0
[    1997ms] [ERROR] Failed to load frame 24 at http://localhost:3000/images/sequence/porsche/frame_024.webp @ http://localhost:3000/_next/static/chunks/033x_next_dist_0dfm_l0._.js:3272
[    2007ms] [ERROR] Failed to load resource: the server responded with a status of 404 (Not Found) @ http://localhost:3000/images/sequence/porsche/frame_025.webp:0
[    2033ms] [ERROR] Failed to load frame 25 at http://localhost:3000/images/sequence/porsche/frame_025.webp @ http://localhost:3000/_next/static/chunks/033x_next_dist_0dfm_l0._.js:3272
[    2034ms] [ERROR] Failed to load resource: the server responded with a status of 404 (Not Found) @ http://localhost:3000/images/sequence/porsche/frame_026.webp:0
[    2037ms] [ERROR] Failed to load resource: the server responded with a status of 404 (Not Found) @ http://localhost:3000/images/sequence/porsche/frame_027.webp:0
[    2037ms] [ERROR] Failed to load frame 26 at http://localhost:3000/images/sequence/porsche/frame_026.webp @ http://localhost:3000/_next/static/chunks/033x_next_dist_0dfm_l0._.js:3272
[    2039ms] [ERROR] Failed to load frame 27 at http://localhost:3000/images/sequence/porsche/frame_027.webp @ http://localhost:3000/_next/static/chunks/033x_next_dist_0dfm_l0._.js:3272
[    2059ms] [ERROR] Failed to load resource: the server responded with a status of 404 (Not Found) @ http://localhost:3000/images/sequence/porsche/frame_028.webp:0
[    2080ms] [ERROR] Failed to load frame 28 at http://localhost:3000/images/sequence/porsche/frame_028.webp @ http://localhost:3000/_next/static/chunks/033x_next_dist_0dfm_l0._.js:3272
[    2081ms] [ERROR] Failed to load resource: the server responded with a status of 404 (Not Found) @ http://localhost:3000/images/sequence/porsche/frame_029.webp:0
[    2101ms] [ERROR] Failed to load frame 29 at http://localhost:3000/images/sequence/porsche/frame_029.webp @ http://localhost:3000/_next/static/chunks/033x_next_dist_0dfm_l0._.js:3272
[    2104ms] [ERROR] Failed to load resource: the server responded with a status of 404 (Not Found) @ http://localhost:3000/images/sequence/porsche/frame_030.webp:0
[    2123ms] [ERROR] Failed to load frame 30 at http://localhost:3000/images/sequence/porsche/frame_030.webp @ http://localhost:3000/_next/static/chunks/033x_next_dist_0dfm_l0._.js:3272
[    2133ms] [ERROR] Failed to load resource: the server responded with a status of 404 (Not Found) @ http://localhost:3000/images/sequence/porsche/frame_031.webp:0
[    2159ms] [ERROR] Failed to load frame 31 at http://localhost:3000/images/sequence/porsche/frame_031.webp @ http://localhost:3000/_next/static/chunks/033x_next_dist_0dfm_l0._.js:3272
[    2163ms] [ERROR] Failed to load resource: the server responded with a status of 404 (Not Found) @ http://localhost:3000/images/sequence/porsche/frame_033.webp:0
[    2166ms] [ERROR] Failed to load resource: the server responded with a status of 404 (Not Found) @ http://localhost:3000/images/sequence/porsche/frame_032.webp:0
[    2167ms] [ERROR] Failed to load frame 33 at http://localhost:3000/images/sequence/porsche/frame_033.webp @ http://localhost:3000/_next/static/chunks/033x_next_dist_0dfm_l0._.js:3272
[    2188ms] [ERROR] Failed to load frame 32 at http://localhost:3000/images/sequence/porsche/frame_032.webp @ http://localhost:3000/_next/static/chunks/033x_next_dist_0dfm_l0._.js:3272
[    2193ms] [ERROR] Failed to load resource: the server responded with a status of 404 (Not Found) @ http://localhost:3000/images/sequence/porsche/frame_034.webp:0
[    2270ms] [ERROR] Failed to load frame 34 at http://localhost:3000/images/sequence/porsche/frame_034.webp @ http://localhost:3000/_next/static/chunks/033x_next_dist_0dfm_l0._.js:3272
[    2270ms] [LOG] [Fast Refresh] done in 500ms @ http://localhost:3000/_next/static/chunks/033x_next_dist_0dfm_l0._.js:2431
[    2272ms] [ERROR] Failed to load resource: the server responded with a status of 404 (Not Found) @ http://localhost:3000/images/sequence/porsche/frame_035.webp:0
[    2278ms] [ERROR] Failed to load frame 35 at http://localhost:3000/images/sequence/porsche/frame_035.webp @ http://localhost:3000/_next/static/chunks/033x_next_dist_0dfm_l0._.js:3272
[    2324ms] [ERROR] Failed to load resource: the server responded with a status of 404 (Not Found) @ http://localhost:3000/images/sequence/porsche/frame_036.webp:0
[    2340ms] [ERROR] Failed to load frame 36 at http://localhost:3000/images/sequence/porsche/frame_036.webp @ http://localhost:3000/_next/static/chunks/033x_next_dist_0dfm_l0._.js:3272
[    2341ms] [ERROR] Failed to load resource: the server responded with a status of 404 (Not Found) @ http://localhost:3000/images/sequence/porsche/frame_037.webp:0
[    2368ms] [ERROR] Failed to load frame 37 at http://localhost:3000/images/sequence/porsche/frame_037.webp @ http://localhost:3000/_next/static/chunks/033x_next_dist_0dfm_l0._.js:3272
[    2371ms] [ERROR] Failed to load resource: the server responded with a status of 404 (Not Found) @ http://localhost:3000/images/sequence/porsche/frame_038.webp:0
[    2371ms] [LOG] [Fast Refresh] rebuilding @ http://localhost:3000/_next/static/chunks/033x_next_dist_0dfm_l0._.js:2431
[    2419ms] [ERROR] Failed to load frame 38 at http://localhost:3000/images/sequence/porsche/frame_038.webp @ http://localhost:3000/_next/static/chunks/033x_next_dist_0dfm_l0._.js:3272
[    2421ms] [ERROR] Failed to load resource: the server responded with a status of 404 (Not Found) @ http://localhost:3000/images/sequence/porsche/frame_039.webp:0
[    2436ms] [ERROR] Failed to load resource: the server responded with a status of 404 (Not Found) @ http://localhost:3000/images/sequence/porsche/frame_040.webp:0
[    2447ms] [ERROR] Failed to load frame 39 at http://localhost:3000/images/sequence/porsche/frame_039.webp @ http://localhost:3000/_next/static/chunks/033x_next_dist_0dfm_l0._.js:3272
[    2460ms] [LOG] [Fast Refresh] done in 189ms @ http://localhost:3000/_next/static/chunks/033x_next_dist_0dfm_l0._.js:2431
[    2472ms] [ERROR] Failed to load frame 40 at http://localhost:3000/images/sequence/porsche/frame_040.webp @ http://localhost:3000/_next/static/chunks/033x_next_dist_0dfm_l0._.js:3272
[    2474ms] [ERROR] Failed to load resource: the server responded with a status of 404 (Not Found) @ http://localhost:3000/images/sequence/porsche/frame_041.webp:0
[    2477ms] [ERROR] Failed to load resource: the server responded with a status of 404 (Not Found) @ http://localhost:3000/images/sequence/porsche/frame_042.webp:0
[    2477ms] [ERROR] Failed to load frame 41 at http://localhost:3000/images/sequence/porsche/frame_041.webp @ http://localhost:3000/_next/static/chunks/033x_next_dist_0dfm_l0._.js:3272
[    2479ms] [ERROR] Failed to load frame 42 at http://localhost:3000/images/sequence/porsche/frame_042.webp @ http://localhost:3000/_next/static/chunks/033x_next_dist_0dfm_l0._.js:3272
[    2522ms] [ERROR] Failed to load resource: the server responded with a status of 404 (Not Found) @ http://localhost:3000/images/sequence/porsche/frame_043.webp:0
[    2553ms] [ERROR] Failed to load frame 43 at http://localhost:3000/images/sequence/porsche/frame_043.webp @ http://localhost:3000/_next/static/chunks/033x_next_dist_0dfm_l0._.js:3272
[    2554ms] [ERROR] Failed to load resource: the server responded with a status of 404 (Not Found) @ http://localhost:3000/images/sequence/porsche/frame_044.webp:0
[    2574ms] [ERROR] Failed to load resource: the server responded with a status of 404 (Not Found) @ http://localhost:3000/images/sequence/porsche/frame_045.webp:0
[    2574ms] [LOG] [Fast Refresh] rebuilding @ http://localhost:3000/_next/static/chunks/033x_next_dist_0dfm_l0._.js:2431
[    2582ms] [ERROR] Failed to load frame 44 at http://localhost:3000/images/sequence/porsche/frame_044.webp @ http://localhost:3000/_next/static/chunks/033x_next_dist_0dfm_l0._.js:3272
[    2584ms] [ERROR] Failed to load frame 45 at http://localhost:3000/images/sequence/porsche/frame_045.webp @ http://localhost:3000/_next/static/chunks/033x_next_dist_0dfm_l0._.js:3272
[    2604ms] [ERROR] Failed to load resource: the server responded with a status of 404 (Not Found) @ http://localhost:3000/images/sequence/porsche/frame_046.webp:0
[    2622ms] [LOG] [Fast Refresh] done in 149ms @ http://localhost:3000/_next/static/chunks/033x_next_dist_0dfm_l0._.js:2431
[    2624ms] [ERROR] Failed to load frame 46 at http://localhost:3000/images/sequence/porsche/frame_046.webp @ http://localhost:3000/_next/static/chunks/033x_next_dist_0dfm_l0._.js:3272
[    2626ms] [ERROR] Failed to load resource: the server responded with a status of 404 (Not Found) @ http://localhost:3000/images/sequence/porsche/frame_047.webp:0
[    2626ms] [ERROR] Failed to load resource: the server responded with a status of 404 (Not Found) @ http://localhost:3000/images/sequence/porsche/frame_048.webp:0
[    2629ms] [ERROR] Failed to load frame 47 at http://localhost:3000/images/sequence/porsche/frame_047.webp @ http://localhost:3000/_next/static/chunks/033x_next_dist_0dfm_l0._.js:3272
[    2630ms] [ERROR] Failed to load frame 48 at http://localhost:3000/images/sequence/porsche/frame_048.webp @ http://localhost:3000/_next/static/chunks/033x_next_dist_0dfm_l0._.js:3272
[    2655ms] [ERROR] Failed to load resource: the server responded with a status of 404 (Not Found) @ http://localhost:3000/images/sequence/porsche/frame_049.webp:0
[    2657ms] [ERROR] Failed to load frame 49 at http://localhost:3000/images/sequence/porsche/frame_049.webp @ http://localhost:3000/_next/static/chunks/033x_next_dist_0dfm_l0._.js:3272
[    2706ms] [ERROR] Failed to load resource: the server responded with a status of 404 (Not Found) @ http://localhost:3000/images/sequence/porsche/frame_050.webp:0
[    2709ms] [ERROR] Failed to load resource: the server responded with a status of 404 (Not Found) @ http://localhost:3000/images/sequence/porsche/frame_051.webp:0
[    2710ms] [ERROR] Failed to load frame 50 at http://localhost:3000/images/sequence/porsche/frame_050.webp @ http://localhost:3000/_next/static/chunks/033x_next_dist_0dfm_l0._.js:3272
[    2753ms] [ERROR] Failed to load frame 51 at http://localhost:3000/images/sequence/porsche/frame_051.webp @ http://localhost:3000/_next/static/chunks/033x_next_dist_0dfm_l0._.js:3272
[    2764ms] [ERROR] Failed to load resource: the server responded with a status of 404 (Not Found) @ http://localhost:3000/images/sequence/porsche/frame_052.webp:0
[    2765ms] [ERROR] Failed to load resource: the server responded with a status of 404 (Not Found) @ http://localhost:3000/images/sequence/porsche/frame_053.webp:0
[    2783ms] [ERROR] Failed to load frame 52 at http://localhost:3000/images/sequence/porsche/frame_052.webp @ http://localhost:3000/_next/static/chunks/033x_next_dist_0dfm_l0._.js:3272
[    2783ms] [ERROR] Failed to load frame 53 at http://localhost:3000/images/sequence/porsche/frame_053.webp @ http://localhost:3000/_next/static/chunks/033x_next_dist_0dfm_l0._.js:3272
[    2784ms] [ERROR] Failed to load resource: the server responded with a status of 404 (Not Found) @ http://localhost:3000/images/sequence/porsche/frame_054.webp:0
[    2806ms] [ERROR] Failed to load frame 54 at http://localhost:3000/images/sequence/porsche/frame_054.webp @ http://localhost:3000/_next/static/chunks/033x_next_dist_0dfm_l0._.js:3272
[    2818ms] [ERROR] Failed to load resource: the server responded with a status of 404 (Not Found) @ http://localhost:3000/images/sequence/porsche/frame_055.webp:0
[    2827ms] [ERROR] Failed to load frame 55 at http://localhost:3000/images/sequence/porsche/frame_055.webp @ http://localhost:3000/_next/static/chunks/033x_next_dist_0dfm_l0._.js:3272
[    2828ms] [ERROR] Failed to load resource: the server responded with a status of 404 (Not Found) @ http://localhost:3000/images/sequence/porsche/frame_056.webp:0
[    2831ms] [ERROR] Failed to load frame 56 at http://localhost:3000/images/sequence/porsche/frame_056.webp @ http://localhost:3000/_next/static/chunks/033x_next_dist_0dfm_l0._.js:3272
[    2853ms] [ERROR] Failed to load resource: the server responded with a status of 404 (Not Found) @ http://localhost:3000/images/sequence/porsche/frame_057.webp:0
[    2858ms] [ERROR] Failed to load frame 57 at http://localhost:3000/images/sequence/porsche/frame_057.webp @ http://localhost:3000/_next/static/chunks/033x_next_dist_0dfm_l0._.js:3272
[    2885ms] [LOG] [Fast Refresh] rebuilding @ http://localhost:3000/_next/static/chunks/033x_next_dist_0dfm_l0._.js:2431
[    2903ms] [ERROR] Failed to load resource: the server responded with a status of 404 (Not Found) @ http://localhost:3000/images/sequence/porsche/frame_058.webp:0
[    2915ms] [ERROR] Failed to load resource: the server responded with a status of 404 (Not Found) @ http://localhost:3000/images/sequence/porsche/frame_059.webp:0
[    2921ms] [ERROR] Failed to load frame 58 at http://localhost:3000/images/sequence/porsche/frame_058.webp @ http://localhost:3000/_next/static/chunks/033x_next_dist_0dfm_l0._.js:3272
[    2923ms] [ERROR] Failed to load frame 59 at http://localhost:3000/images/sequence/porsche/frame_059.webp @ http://localhost:3000/_next/static/chunks/033x_next_dist_0dfm_l0._.js:3272
[    2933ms] [ERROR] Failed to load resource: the server responded with a status of 404 (Not Found) @ http://localhost:3000/images/sequence/porsche/frame_060.webp:0
[    2941ms] [ERROR] Failed to load frame 60 at http://localhost:3000/images/sequence/porsche/frame_060.webp @ http://localhost:3000/_next/static/chunks/033x_next_dist_0dfm_l0._.js:3272
[    2943ms] [ERROR] Failed to load resource: the server responded with a status of 404 (Not Found) @ http://localhost:3000/images/sequence/porsche/frame_061.webp:0
[    2966ms] [ERROR] Failed to load frame 61 at http://localhost:3000/images/sequence/porsche/frame_061.webp @ http://localhost:3000/_next/static/chunks/033x_next_dist_0dfm_l0._.js:3272
[    2967ms] [ERROR] Failed to load resource: the server responded with a status of 404 (Not Found) @ http://localhost:3000/images/sequence/porsche/frame_062.webp:0
[    2976ms] [ERROR] Failed to load frame 62 at http://localhost:3000/images/sequence/porsche/frame_062.webp @ http://localhost:3000/_next/static/chunks/033x_next_dist_0dfm_l0._.js:3272
[    3010ms] [ERROR] Failed to load resource: the server responded with a status of 404 (Not Found) @ http://localhost:3000/images/sequence/porsche/frame_063.webp:0
[    3020ms] [ERROR] Failed to load frame 63 at http://localhost:3000/images/sequence/porsche/frame_063.webp @ http://localhost:3000/_next/static/chunks/033x_next_dist_0dfm_l0._.js:3272
[    3031ms] [ERROR] Failed to load resource: the server responded with a status of 404 (Not Found) @ http://localhost:3000/images/sequence/porsche/frame_064.webp:0
[    3040ms] [ERROR] Failed to load frame 64 at http://localhost:3000/images/sequence/porsche/frame_064.webp @ http://localhost:3000/_next/static/chunks/033x_next_dist_0dfm_l0._.js:3272
[    3051ms] [ERROR] Failed to load resource: the server responded with a status of 404 (Not Found) @ http://localhost:3000/images/sequence/porsche/frame_065.webp:0
[    3082ms] [LOG] [Fast Refresh] done in 299ms @ http://localhost:3000/_next/static/chunks/033x_next_dist_0dfm_l0._.js:2431
[    3083ms] [ERROR] Failed to load frame 65 at http://localhost:3000/images/sequence/porsche/frame_065.webp @ http://localhost:3000/_next/static/chunks/033x_next_dist_0dfm_l0._.js:3272
[    3084ms] [ERROR] Failed to load resource: the server responded with a status of 404 (Not Found) @ http://localhost:3000/images/sequence/porsche/frame_066.webp:0
[    3088ms] [ERROR] Failed to load resource: the server responded with a status of 404 (Not Found) @ http://localhost:3000/images/sequence/porsche/frame_067.webp:0
[    3089ms] [ERROR] Failed to load frame 66 at http://localhost:3000/images/sequence/porsche/frame_066.webp @ http://localhost:3000/_next/static/chunks/033x_next_dist_0dfm_l0._.js:3272
[    3111ms] [ERROR] Failed to load frame 67 at http://localhost:3000/images/sequence/porsche/frame_067.webp @ http://localhost:3000/_next/static/chunks/033x_next_dist_0dfm_l0._.js:3272
[    3124ms] [ERROR] Failed to load resource: the server responded with a status of 404 (Not Found) @ http://localhost:3000/images/sequence/porsche/frame_068.webp:0
[    3135ms] [ERROR] Failed to load frame 68 at http://localhost:3000/images/sequence/porsche/frame_068.webp @ http://localhost:3000/_next/static/chunks/033x_next_dist_0dfm_l0._.js:3272
[    3136ms] [ERROR] Failed to load resource: the server responded with a status of 404 (Not Found) @ http://localhost:3000/images/sequence/porsche/frame_069.webp:0
[    3140ms] [ERROR] Failed to load frame 69 at http://localhost:3000/images/sequence/porsche/frame_069.webp @ http://localhost:3000/_next/static/chunks/033x_next_dist_0dfm_l0._.js:3272
[    3184ms] [LOG] [Fast Refresh] rebuilding @ http://localhost:3000/_next/static/chunks/033x_next_dist_0dfm_l0._.js:2431
[    3189ms] [ERROR] Failed to load resource: the server responded with a status of 404 (Not Found) @ http://localhost:3000/images/sequence/porsche/frame_070.webp:0
[    3220ms] [ERROR] Failed to load frame 70 at http://localhost:3000/images/sequence/porsche/frame_070.webp @ http://localhost:3000/_next/static/chunks/033x_next_dist_0dfm_l0._.js:3272
[    3231ms] [ERROR] Failed to load resource: the server responded with a status of 404 (Not Found) @ http://localhost:3000/images/sequence/porsche/frame_071.webp:0
[    3241ms] [ERROR] Failed to load resource: the server responded with a status of 404 (Not Found) @ http://localhost:3000/images/sequence/porsche/frame_072.webp:0
[    3242ms] [ERROR] Failed to load frame 71 at http://localhost:3000/images/sequence/porsche/frame_071.webp @ http://localhost:3000/_next/static/chunks/033x_next_dist_0dfm_l0._.js:3272
[    3253ms] [ERROR] Failed to load resource: the server responded with a status of 404 (Not Found) @ http://localhost:3000/images/sequence/porsche/frame_073.webp:0
[    3258ms] [ERROR] Failed to load frame 72 at http://localhost:3000/images/sequence/porsche/frame_072.webp @ http://localhost:3000/_next/static/chunks/033x_next_dist_0dfm_l0._.js:3272
[    3261ms] [ERROR] Failed to load frame 73 at http://localhost:3000/images/sequence/porsche/frame_073.webp @ http://localhost:3000/_next/static/chunks/033x_next_dist_0dfm_l0._.js:3272
[    3262ms] [ERROR] Failed to load resource: the server responded with a status of 404 (Not Found) @ http://localhost:3000/images/sequence/porsche/frame_074.webp:0
[    3264ms] [ERROR] Failed to load frame 74 at http://localhost:3000/images/sequence/porsche/frame_074.webp @ http://localhost:3000/_next/static/chunks/033x_next_dist_0dfm_l0._.js:3272
[    3292ms] [ERROR] Failed to load resource: the server responded with a status of 404 (Not Found) @ http://localhost:3000/images/sequence/porsche/frame_075.webp:0
[    3304ms] [ERROR] Failed to load frame 75 at http://localhost:3000/images/sequence/porsche/frame_075.webp @ http://localhost:3000/_next/static/chunks/033x_next_dist_0dfm_l0._.js:3272
[    3306ms] [ERROR] Failed to load resource: the server responded with a status of 404 (Not Found) @ http://localhost:3000/images/sequence/porsche/frame_076.webp:0
[    3310ms] [ERROR] Failed to load frame 76 at http://localhost:3000/images/sequence/porsche/frame_076.webp @ http://localhost:3000/_next/static/chunks/033x_next_dist_0dfm_l0._.js:3272
[    3356ms] [ERROR] Failed to load resource: the server responded with a status of 404 (Not Found) @ http://localhost:3000/images/sequence/porsche/frame_077.webp:0
[    3373ms] [ERROR] Failed to load resource: the server responded with a status of 404 (Not Found) @ http://localhost:3000/images/sequence/porsche/frame_078.webp:0
[    3381ms] [ERROR] Failed to load frame 77 at http://localhost:3000/images/sequence/porsche/frame_077.webp @ http://localhost:3000/_next/static/chunks/033x_next_dist_0dfm_l0._.js:3272
[    3401ms] [ERROR] Failed to load frame 78 at http://localhost:3000/images/sequence/porsche/frame_078.webp @ http://localhost:3000/_next/static/chunks/033x_next_dist_0dfm_l0._.js:3272
[    3403ms] [ERROR] Failed to load resource: the server responded with a status of 404 (Not Found) @ http://localhost:3000/images/sequence/porsche/frame_079.webp:0
[    3418ms] [ERROR] Failed to load resource: the server responded with a status of 404 (Not Found) @ http://localhost:3000/images/sequence/porsche/frame_080.webp:0
[    3426ms] [ERROR] Failed to load frame 79 at http://localhost:3000/images/sequence/porsche/frame_079.webp @ http://localhost:3000/_next/static/chunks/033x_next_dist_0dfm_l0._.js:3272
[    3429ms] [ERROR] Failed to load frame 80 at http://localhost:3000/images/sequence/porsche/frame_080.webp @ http://localhost:3000/_next/static/chunks/033x_next_dist_0dfm_l0._.js:3272
[    3442ms] [ERROR] Failed to load resource: the server responded with a status of 404 (Not Found) @ http://localhost:3000/images/sequence/porsche/frame_081.webp:0
[    3445ms] [ERROR] Failed to load frame 81 at http://localhost:3000/images/sequence/porsche/frame_081.webp @ http://localhost:3000/_next/static/chunks/033x_next_dist_0dfm_l0._.js:3272
[    3483ms] [ERROR] Failed to load resource: the server responded with a status of 404 (Not Found) @ http://localhost:3000/images/sequence/porsche/frame_082.webp:0
[    3486ms] [ERROR] Failed to load resource: the server responded with a status of 404 (Not Found) @ http://localhost:3000/images/sequence/porsche/frame_083.webp:0
[    3486ms] [ERROR] Failed to load frame 82 at http://localhost:3000/images/sequence/porsche/frame_082.webp @ http://localhost:3000/_next/static/chunks/033x_next_dist_0dfm_l0._.js:3272
[    3489ms] [ERROR] Failed to load frame 83 at http://localhost:3000/images/sequence/porsche/frame_083.webp @ http://localhost:3000/_next/static/chunks/033x_next_dist_0dfm_l0._.js:3272
[    3523ms] [ERROR] Failed to load resource: the server responded with a status of 404 (Not Found) @ http://localhost:3000/images/sequence/porsche/frame_084.webp:0
[    3534ms] [ERROR] Failed to load frame 84 at http://localhost:3000/images/sequence/porsche/frame_084.webp @ http://localhost:3000/_next/static/chunks/033x_next_dist_0dfm_l0._.js:3272
[    3549ms] [ERROR] Failed to load resource: the server responded with a status of 404 (Not Found) @ http://localhost:3000/images/sequence/porsche/frame_085.webp:0
[    3560ms] [ERROR] Failed to load frame 85 at http://localhost:3000/images/sequence/porsche/frame_085.webp @ http://localhost:3000/_next/static/chunks/033x_next_dist_0dfm_l0._.js:3272
[    3574ms] [ERROR] Failed to load resource: the server responded with a status of 404 (Not Found) @ http://localhost:3000/images/sequence/porsche/frame_086.webp:0
[    3597ms] [LOG] [Fast Refresh] done in 513ms @ http://localhost:3000/_next/static/chunks/033x_next_dist_0dfm_l0._.js:2431
[    3609ms] [ERROR] Failed to load frame 86 at http://localhost:3000/images/sequence/porsche/frame_086.webp @ http://localhost:3000/_next/static/chunks/033x_next_dist_0dfm_l0._.js:3272
[    3611ms] [ERROR] Failed to load resource: the server responded with a status of 404 (Not Found) @ http://localhost:3000/images/sequence/porsche/frame_087.webp:0
[    3615ms] [ERROR] Failed to load resource: the server responded with a status of 404 (Not Found) @ http://localhost:3000/images/sequence/porsche/frame_088.webp:0
[    3616ms] [ERROR] Failed to load frame 87 at http://localhost:3000/images/sequence/porsche/frame_087.webp @ http://localhost:3000/_next/static/chunks/033x_next_dist_0dfm_l0._.js:3272
[    3620ms] [ERROR] Failed to load frame 88 at http://localhost:3000/images/sequence/porsche/frame_088.webp @ http://localhost:3000/_next/static/chunks/033x_next_dist_0dfm_l0._.js:3272
[    3664ms] [ERROR] Failed to load resource: the server responded with a status of 404 (Not Found) @ http://localhost:3000/images/sequence/porsche/frame_089.webp:0
[    3675ms] [ERROR] Failed to load frame 89 at http://localhost:3000/images/sequence/porsche/frame_089.webp @ http://localhost:3000/_next/static/chunks/033x_next_dist_0dfm_l0._.js:3272
[    3676ms] [ERROR] Failed to load resource: the server responded with a status of 404 (Not Found) @ http://localhost:3000/images/sequence/porsche/frame_090.webp:0
[    3710ms] [LOG] [Fast Refresh] rebuilding @ http://localhost:3000/_next/static/chunks/033x_next_dist_0dfm_l0._.js:2431
[    3712ms] [ERROR] Failed to load frame 90 at http://localhost:3000/images/sequence/porsche/frame_090.webp @ http://localhost:3000/_next/static/chunks/033x_next_dist_0dfm_l0._.js:3272
[    3718ms] [ERROR] Failed to load resource: the server responded with a status of 404 (Not Found) @ http://localhost:3000/images/sequence/porsche/frame_091.webp:0
[    3722ms] [ERROR] Failed to load frame 91 at http://localhost:3000/images/sequence/porsche/frame_091.webp @ http://localhost:3000/_next/static/chunks/033x_next_dist_0dfm_l0._.js:3272
[    3790ms] [ERROR] Failed to load resource: the server responded with a status of 404 (Not Found) @ http://localhost:3000/images/sequence/porsche/frame_092.webp:0
[    3800ms] [LOG] [Fast Refresh] done in 192ms @ http://localhost:3000/_next/static/chunks/033x_next_dist_0dfm_l0._.js:2431
[    3803ms] [ERROR] Failed to load resource: the server responded with a status of 404 (Not Found) @ http://localhost:3000/images/sequence/porsche/frame_093.webp:0
[    3804ms] [ERROR] Failed to load frame 92 at http://localhost:3000/images/sequence/porsche/frame_092.webp @ http://localhost:3000/_next/static/chunks/033x_next_dist_0dfm_l0._.js:3272
[    3807ms] [ERROR] Failed to load resource: the server responded with a status of 404 (Not Found) @ http://localhost:3000/images/sequence/porsche/frame_094.webp:0
[    3807ms] [ERROR] Failed to load frame 93 at http://localhost:3000/images/sequence/porsche/frame_093.webp @ http://localhost:3000/_next/static/chunks/033x_next_dist_0dfm_l0._.js:3272
[    3837ms] [ERROR] Failed to load frame 94 at http://localhost:3000/images/sequence/porsche/frame_094.webp @ http://localhost:3000/_next/static/chunks/033x_next_dist_0dfm_l0._.js:3272
[    3842ms] [ERROR] Failed to load resource: the server responded with a status of 404 (Not Found) @ http://localhost:3000/images/sequence/porsche/frame_095.webp:0
[    3870ms] [ERROR] Failed to load frame 95 at http://localhost:3000/images/sequence/porsche/frame_095.webp @ http://localhost:3000/_next/static/chunks/033x_next_dist_0dfm_l0._.js:3272
[    3872ms] [ERROR] Failed to load resource: the server responded with a status of 404 (Not Found) @ http://localhost:3000/images/sequence/porsche/frame_096.webp:0
[    3877ms] [ERROR] Failed to load frame 96 at http://localhost:3000/images/sequence/porsche/frame_096.webp @ http://localhost:3000/_next/static/chunks/033x_next_dist_0dfm_l0._.js:3272
[    3901ms] [LOG] [Fast Refresh] rebuilding @ http://localhost:3000/_next/static/chunks/033x_next_dist_0dfm_l0._.js:2431
[    3904ms] [ERROR] Failed to load resource: the server responded with a status of 404 (Not Found) @ http://localhost:3000/images/sequence/porsche/frame_097.webp:0
[    3908ms] [ERROR] Failed to load frame 97 at http://localhost:3000/images/sequence/porsche/frame_097.webp @ http://localhost:3000/_next/static/chunks/033x_next_dist_0dfm_l0._.js:3272
[    3960ms] [ERROR] Failed to load resource: the server responded with a status of 404 (Not Found) @ http://localhost:3000/images/sequence/porsche/frame_099.webp:0
[    3977ms] [ERROR] Failed to load resource: the server responded with a status of 404 (Not Found) @ http://localhost:3000/images/sequence/porsche/frame_098.webp:0
[    3987ms] [ERROR] Failed to load frame 99 at http://localhost:3000/images/sequence/porsche/frame_099.webp @ http://localhost:3000/_next/static/chunks/033x_next_dist_0dfm_l0._.js:3272
[    3991ms] [ERROR] Failed to load frame 98 at http://localhost:3000/images/sequence/porsche/frame_098.webp @ http://localhost:3000/_next/static/chunks/033x_next_dist_0dfm_l0._.js:3272
[    3993ms] [ERROR] Failed to load resource: the server responded with a status of 404 (Not Found) @ http://localhost:3000/images/sequence/porsche/frame_100.webp:0
[    4030ms] [ERROR] Failed to load frame 100 at http://localhost:3000/images/sequence/porsche/frame_100.webp @ http://localhost:3000/_next/static/chunks/033x_next_dist_0dfm_l0._.js:3272
[    4083ms] [ERROR] Failed to load resource: the server responded with a status of 404 (Not Found) @ http://localhost:3000/images/sequence/porsche/frame_101.webp:0
[    4096ms] [LOG] [Fast Refresh] done in 295ms @ http://localhost:3000/_next/static/chunks/033x_next_dist_0dfm_l0._.js:2431
[    4098ms] [ERROR] Failed to load resource: the server responded with a status of 404 (Not Found) @ http://localhost:3000/images/sequence/porsche/frame_102.webp:0
[    4099ms] [ERROR] Failed to load frame 101 at http://localhost:3000/images/sequence/porsche/frame_101.webp @ http://localhost:3000/_next/static/chunks/033x_next_dist_0dfm_l0._.js:3272
[    4105ms] [ERROR] Failed to load resource: the server responded with a status of 404 (Not Found) @ http://localhost:3000/images/sequence/porsche/frame_103.webp:0
[    4106ms] [ERROR] Failed to load frame 102 at http://localhost:3000/images/sequence/porsche/frame_102.webp @ http://localhost:3000/_next/static/chunks/033x_next_dist_0dfm_l0._.js:3272
[    4112ms] [ERROR] Failed to load frame 103 at http://localhost:3000/images/sequence/porsche/frame_103.webp @ http://localhost:3000/_next/static/chunks/033x_next_dist_0dfm_l0._.js:3272
[    4184ms] [ERROR] Failed to load resource: the server responded with a status of 404 (Not Found) @ http://localhost:3000/images/sequence/porsche/frame_104.webp:0
[    4188ms] [ERROR] Failed to load resource: the server responded with a status of 404 (Not Found) @ http://localhost:3000/images/sequence/porsche/frame_105.webp:0
[    4191ms] [ERROR] Failed to load frame 104 at http://localhost:3000/images/sequence/porsche/frame_104.webp @ http://localhost:3000/_next/static/chunks/033x_next_dist_0dfm_l0._.js:3272
[    4194ms] [ERROR] Failed to load frame 105 at http://localhost:3000/images/sequence/porsche/frame_105.webp @ http://localhost:3000/_next/static/chunks/033x_next_dist_0dfm_l0._.js:3272
[    4268ms] [ERROR] Failed to load resource: the server responded with a status of 404 (Not Found) @ http://localhost:3000/images/sequence/porsche/frame_106.webp:0
[    4269ms] [ERROR] Failed to load resource: the server responded with a status of 404 (Not Found) @ http://localhost:3000/images/sequence/porsche/frame_107.webp:0
[    4273ms] [ERROR] Failed to load resource: the server responded with a status of 404 (Not Found) @ http://localhost:3000/images/sequence/porsche/frame_108.webp:0
[    4276ms] [ERROR] Failed to load frame 106 at http://localhost:3000/images/sequence/porsche/frame_106.webp @ http://localhost:3000/_next/static/chunks/033x_next_dist_0dfm_l0._.js:3272
[    4278ms] [ERROR] Failed to load frame 107 at http://localhost:3000/images/sequence/porsche/frame_107.webp @ http://localhost:3000/_next/static/chunks/033x_next_dist_0dfm_l0._.js:3272
[    4282ms] [ERROR] Failed to load frame 108 at http://localhost:3000/images/sequence/porsche/frame_108.webp @ http://localhost:3000/_next/static/chunks/033x_next_dist_0dfm_l0._.js:3272
[    4390ms] [ERROR] Failed to load resource: the server responded with a status of 404 (Not Found) @ http://localhost:3000/images/sequence/porsche/frame_109.webp:0
[    4390ms] [ERROR] Failed to load resource: the server responded with a status of 404 (Not Found) @ http://localhost:3000/images/sequence/porsche/frame_110.webp:0
[    4392ms] [ERROR] Failed to load frame 109 at http://localhost:3000/images/sequence/porsche/frame_109.webp @ http://localhost:3000/_next/static/chunks/033x_next_dist_0dfm_l0._.js:3272
[    4392ms] [ERROR] Failed to load frame 110 at http://localhost:3000/images/sequence/porsche/frame_110.webp @ http://localhost:3000/_next/static/chunks/033x_next_dist_0dfm_l0._.js:3272
[    4445ms] [ERROR] Failed to load resource: the server responded with a status of 404 (Not Found) @ http://localhost:3000/images/sequence/porsche/frame_111.webp:0
[    4465ms] [ERROR] Failed to load frame 111 at http://localhost:3000/images/sequence/porsche/frame_111.webp @ http://localhost:3000/_next/static/chunks/033x_next_dist_0dfm_l0._.js:3272
[    4512ms] [ERROR] Failed to load resource: the server responded with a status of 404 (Not Found) @ http://localhost:3000/images/sequence/porsche/frame_112.webp:0
[    4534ms] [ERROR] Failed to load resource: the server responded with a status of 404 (Not Found) @ http://localhost:3000/images/sequence/porsche/frame_113.webp:0
[    4534ms] [ERROR] Failed to load resource: the server responded with a status of 404 (Not Found) @ http://localhost:3000/images/sequence/porsche/frame_114.webp:0
[    4543ms] [ERROR] Failed to load frame 112 at http://localhost:3000/images/sequence/porsche/frame_112.webp @ http://localhost:3000/_next/static/chunks/033x_next_dist_0dfm_l0._.js:3272
[    4547ms] [ERROR] Failed to load resource: the server responded with a status of 404 (Not Found) @ http://localhost:3000/images/sequence/porsche/frame_115.webp:0
[    4548ms] [ERROR] Failed to load frame 113 at http://localhost:3000/images/sequence/porsche/frame_113.webp @ http://localhost:3000/_next/static/chunks/033x_next_dist_0dfm_l0._.js:3272
[    4548ms] [ERROR] Failed to load frame 114 at http://localhost:3000/images/sequence/porsche/frame_114.webp @ http://localhost:3000/_next/static/chunks/033x_next_dist_0dfm_l0._.js:3272
[    4551ms] [ERROR] Failed to load resource: the server responded with a status of 404 (Not Found) @ http://localhost:3000/images/sequence/porsche/frame_116.webp:0
[    4552ms] [ERROR] Failed to load frame 115 at http://localhost:3000/images/sequence/porsche/frame_115.webp @ http://localhost:3000/_next/static/chunks/033x_next_dist_0dfm_l0._.js:3272
[    4568ms] [ERROR] Failed to load frame 116 at http://localhost:3000/images/sequence/porsche/frame_116.webp @ http://localhost:3000/_next/static/chunks/033x_next_dist_0dfm_l0._.js:3272
[    4644ms] [LOG] [Fast Refresh] rebuilding @ http://localhost:3000/_next/static/chunks/033x_next_dist_0dfm_l0._.js:2431
[    4661ms] [LOG] [Fast Refresh] done in 117ms @ http://localhost:3000/_next/static/chunks/033x_next_dist_0dfm_l0._.js:2431
[    4704ms] [ERROR] Failed to load resource: the server responded with a status of 404 (Not Found) @ http://localhost:3000/images/sequence/porsche/frame_117.webp:0
[    4723ms] [ERROR] Failed to load resource: the server responded with a status of 404 (Not Found) @ http://localhost:3000/images/sequence/porsche/frame_118.webp:0
[    4724ms] [ERROR] Failed to load frame 117 at http://localhost:3000/images/sequence/porsche/frame_117.webp @ http://localhost:3000/_next/static/chunks/033x_next_dist_0dfm_l0._.js:3272
[    4727ms] [ERROR] Failed to load resource: the server responded with a status of 404 (Not Found) @ http://localhost:3000/images/sequence/porsche/frame_119.webp:0
[    4727ms] [ERROR] Failed to load resource: the server responded with a status of 404 (Not Found) @ http://localhost:3000/images/sequence/porsche/frame_120.webp:0
[    4728ms] [ERROR] Failed to load frame 118 at http://localhost:3000/images/sequence/porsche/frame_118.webp @ http://localhost:3000/_next/static/chunks/033x_next_dist_0dfm_l0._.js:3272
[    4732ms] [ERROR] Failed to load frame 119 at http://localhost:3000/images/sequence/porsche/frame_119.webp @ http://localhost:3000/_next/static/chunks/033x_next_dist_0dfm_l0._.js:3272
[    4733ms] [ERROR] Failed to load frame 120 at http://localhost:3000/images/sequence/porsche/frame_120.webp @ http://localhost:3000/_next/static/chunks/033x_next_dist_0dfm_l0._.js:3272
